[2018-06-18 14:34:56.105] [exthost1] [info] extension host started
[2018-06-18 14:34:56.423] [exthost1] [info] ExtensionService#_doActivateExtension vscode.emmet {"startup":true,"activationEvent":"*"}
[2018-06-18 14:34:56.424] [exthost1] [info] ExtensionService#loadCommonJSModule /usr/share/code/resources/app/extensions/emmet/out/extension
[2018-06-18 14:34:57.656] [exthost1] [info] ExtensionService#_doActivateExtension vscode.git {"startup":true,"activationEvent":"*"}
[2018-06-18 14:34:57.656] [exthost1] [info] ExtensionService#loadCommonJSModule /usr/share/code/resources/app/extensions/git/out/main
[2018-06-18 14:34:59.606] [exthost1] [info] ExtensionService#_doActivateExtension vscode.merge-conflict {"startup":true,"activationEvent":"*"}
[2018-06-18 14:34:59.606] [exthost1] [info] ExtensionService#loadCommonJSModule /usr/share/code/resources/app/extensions/merge-conflict/out/extension
[2018-06-18 14:34:59.680] [exthost1] [info] ExtensionService#_doActivateExtension vscode.search-rg {"startup":true,"activationEvent":"*"}
[2018-06-18 14:34:59.680] [exthost1] [info] ExtensionService#loadCommonJSModule /usr/share/code/resources/app/extensions/search-rg/out/extension
[2018-06-18 14:34:59.796] [exthost1] [info] ExtensionService#_doActivateExtension CoenraadS.bracket-pair-colorizer {"startup":true,"activationEvent":"*"}
[2018-06-18 14:34:59.796] [exthost1] [info] ExtensionService#loadCommonJSModule /home/matheus/.vscode/extensions/CoenraadS.bracket-pair-colorizer-1.0.58/out/src/extension
[2018-06-18 14:35:00.157] [exthost1] [info] ExtensionService#_doActivateExtension EditorConfig.EditorConfig {"startup":true,"activationEvent":"*"}
[2018-06-18 14:35:00.157] [exthost1] [info] ExtensionService#loadCommonJSModule /home/matheus/.vscode/extensions/EditorConfig.editorconfig-0.12.4/out/src/editorConfigMain
[2018-06-18 14:35:01.007] [exthost1] [info] ExtensionService#_doActivateExtension Equinusocio.vsc-material-theme {"startup":true,"activationEvent":"*"}
[2018-06-18 14:35:01.007] [exthost1] [info] ExtensionService#loadCommonJSModule /home/matheus/.vscode/extensions/Equinusocio.vsc-material-theme-2.1.0/extensions/material.theme.config.js
[2018-06-18 14:35:01.285] [exthost1] [info] ExtensionService#_doActivateExtension PKief.material-icon-theme {"startup":true,"activationEvent":"*"}
[2018-06-18 14:35:01.285] [exthost1] [info] ExtensionService#loadCommonJSModule /home/matheus/.vscode/extensions/PKief.material-icon-theme-3.5.0/out/src/extension
[2018-06-18 14:35:01.757] [exthost1] [info] ExtensionService#_doActivateExtension dbaeumer.vscode-eslint {"startup":true,"activationEvent":"*"}
[2018-06-18 14:35:01.757] [exthost1] [info] ExtensionService#loadCommonJSModule /home/matheus/.vscode/extensions/dbaeumer.vscode-eslint-1.4.12/client/out/extension
[2018-06-18 14:35:02.636] [exthost1] [info] ExtensionService#_doActivateExtension eamodio.gitlens {"startup":true,"activationEvent":"*"}
[2018-06-18 14:35:02.636] [exthost1] [info] ExtensionService#loadCommonJSModule /home/matheus/.vscode/extensions/eamodio.gitlens-8.3.5/out/extension
[2018-06-18 14:35:05.339] [exthost1] [info] ExtensionService#_doActivateExtension HookyQR.beautify {"startup":true,"activationEvent":"*"}
[2018-06-18 14:35:05.339] [exthost1] [info] ExtensionService#loadCommonJSModule /home/matheus/.vscode/extensions/hookyqr.beautify-1.3.2/extension
[2018-06-18 14:35:06.330] [exthost1] [info] ExtensionService#_doActivateExtension remimarsal.prettier-now {"startup":true,"activationEvent":"*"}
[2018-06-18 14:35:06.330] [exthost1] [info] ExtensionService#loadCommonJSModule /home/matheus/.vscode/extensions/remimarsal.prettier-now-1.4.9/out/src/extension
[2018-06-18 14:35:06.704] [exthost1] [info] ExtensionService#_doActivateExtension austin.code-gnu-global {"startup":false,"activationEvent":"onLanguage:c"}
[2018-06-18 14:35:06.704] [exthost1] [info] ExtensionService#loadCommonJSModule /home/matheus/.vscode/extensions/austin.code-gnu-global-0.2.2/out/src/extension
[2018-06-18 14:35:06.841] [exthost1] [info] ExtensionService#_doActivateExtension ms-vscode.cpptools {"startup":false,"activationEvent":"onLanguage:c"}
[2018-06-18 14:35:06.841] [exthost1] [info] ExtensionService#loadCommonJSModule /home/matheus/.vscode/extensions/ms-vscode.cpptools-0.17.4/out/src/main
[2018-06-18 14:35:08.922] [exthost1] [info] ExtensionService#_doActivateExtension vscode.configuration-editing {"startup":false,"activationEvent":"onLanguage:json"}
[2018-06-18 14:35:08.922] [exthost1] [info] ExtensionService#loadCommonJSModule /usr/share/code/resources/app/extensions/configuration-editing/out/extension
[2018-06-18 14:35:08.989] [exthost1] [info] ExtensionService#_doActivateExtension vscode.extension-editing {"startup":false,"activationEvent":"onLanguage:json"}
[2018-06-18 14:35:08.989] [exthost1] [info] ExtensionService#loadCommonJSModule /usr/share/code/resources/app/extensions/extension-editing/out/extension
[2018-06-18 14:35:09.071] [exthost1] [info] ExtensionService#_doActivateExtension vscode.json-language-features {"startup":false,"activationEvent":"onLanguage:json"}
[2018-06-18 14:35:09.071] [exthost1] [info] ExtensionService#loadCommonJSModule /usr/share/code/resources/app/extensions/json-language-features/client/out/jsonMain
[2018-06-18 14:35:09.715] [exthost1] [info] ExtensionService#_doActivateExtension vscode.npm {"startup":false,"activationEvent":"onLanguage:json"}
[2018-06-18 14:35:09.715] [exthost1] [info] ExtensionService#loadCommonJSModule /usr/share/code/resources/app/extensions/npm/out/main
[2018-06-18 14:35:10.108] [exthost1] [info] ExtensionService#_doActivateExtension vscode.typescript-language-features {"startup":false,"activationEvent":"onLanguage:javascript"}
[2018-06-18 14:35:10.108] [exthost1] [info] ExtensionService#loadCommonJSModule /usr/share/code/resources/app/extensions/typescript-language-features/out/extension
[2018-06-18 14:35:10.614] [exthost1] [info] ExtensionService#_doActivateExtension dbaeumer.jshint {"startup":false,"activationEvent":"onLanguage:javascript"}
[2018-06-18 14:35:10.614] [exthost1] [info] ExtensionService#loadCommonJSModule /home/matheus/.vscode/extensions/dbaeumer.jshint-0.10.19/jshint/out/extension
[2018-06-18 14:35:14.739] [exthost1] [info] eager extensions activated
