[2018-06-21 16:00:33.281] [renderer1] [info] standard startup {"version":"1.24.1","ellapsed":21190,"timers":{"ellapsedExtensions":4110,"ellapsedExtensionsReady":22039,"ellapsedRequire":2595,"ellapsedEditorRestore":3154,"ellapsedViewletRestore":28,"ellapsedWorkbench":3271,"ellapsedWindowLoadToRequire":8666,"ellapsedTimersToTimersComputed":2,"ellapsedNlsGeneration":0,"ellapsedAppReady":2314,"ellapsedWindowLoad":3605},"platform":"linux","release":"4.10.0-38-generic","arch":"x64","totalmem":6129270784,"freemem":4262170624,"meminfo":{"workingSetSize":268012,"peakWorkingSetSize":269796,"privateBytes":195324,"sharedBytes":72700},"cpus":{"count":4,"speed":2300,"model":"Intel(R) Core(TM) i5-4200U CPU @ 1.60GHz"},"loadavg":[3.08544921875,1.3251953125,0.50341796875],"initialStartup":true,"isVMLikelyhood":0,"hasAccessibilitySupport":false,"emptyWorkbench":false,"common.machineId":"c37e4895fb105ed02f9c5460573e1003d9052a49269d3bd11f06f8d643b56860","sessionID":"75d726a9-0426-430a-b711-3620213d59e71529607626338","commitHash":"24f62626b222e9a8313213fb64b10d741a326288","common.platformVersion":"4.10.0","common.platform":"Linux","common.nodePlatform":"linux","common.nodeArch":"x64","timestamp":"2018-06-21T19:00:33.280Z","common.timesincesessionstart":6940,"common.sequence":9,"common.version.shell":"1.7.12","common.version.renderer":"58.0.3029.110","common.firstSessionDate":"Wed, 17 Jan 2018 23:18:13 GMT","common.lastSessionDate":"Thu, 21 Jun 2018 16:49:47 GMT","common.isNewSession":"0","common.instanceId":"a0aa52f2-8cb7-493a-8352-7d7636adb372"}
[2018-06-21 16:00:39.304] [renderer1] [error] Unable to write to User Settings because materialTheme.cache.workbench is not a registered configuration.: Error: Unable to write to User Settings because materialTheme.cache.workbench is not a registered configuration.
    at new t (file:///usr/share/code/resources/app/out/vs/workbench/workbench.main.js:4104:450)
    at e.wrapError (file:///usr/share/code/resources/app/out/vs/workbench/workbench.main.js:4108:460)
    at e.resolveAndValidate (file:///usr/share/code/resources/app/out/vs/workbench/workbench.main.js:4111:255)
    at e.doWriteConfiguration (file:///usr/share/code/resources/app/out/vs/workbench/workbench.main.js:4105:277)
    at Object.factory (file:///usr/share/code/resources/app/out/vs/workbench/workbench.main.js:4105:10)
    at t.e.consume (file:///usr/share/code/resources/app/out/vs/workbench/workbench.main.js:194:347)
    at e.queue (file:///usr/share/code/resources/app/out/vs/workbench/workbench.main.js:194:134)
    at new n.Class.derive._oncancel (file:///usr/share/code/resources/app/out/vs/workbench/workbench.main.js:156:625)
    at t.e.queue (file:///usr/share/code/resources/app/out/vs/workbench/workbench.main.js:194:49)
    at e.writeConfiguration (file:///usr/share/code/resources/app/out/vs/workbench/workbench.main.js:4104:992)
    at t.writeConfigurationValue (file:///usr/share/code/resources/app/out/vs/workbench/workbench.main.js:4130:55)
    at t.updateValue (file:///usr/share/code/resources/app/out/vs/workbench/workbench.main.js:4119:580)
    at e.writeConfiguration (file:///usr/share/code/resources/app/out/vs/workbench/workbench.main.js:2882:191)
    at e.$removeConfigurationOption (file:///usr/share/code/resources/app/out/vs/workbench/workbench.main.js:2882:14)
    at e._doInvokeHandler (file:///usr/share/code/resources/app/out/vs/workbench/workbench.main.js:2937:1012)
    at e._invokeHandler (file:///usr/share/code/resources/app/out/vs/workbench/workbench.main.js:2937:730)
    at e._receiveRequest (file:///usr/share/code/resources/app/out/vs/workbench/workbench.main.js:2936:819)
    at e._receiveOneMessage (file:///usr/share/code/resources/app/out/vs/workbench/workbench.main.js:2936:588)
    at file:///usr/share/code/resources/app/out/vs/workbench/workbench.main.js:2935:518
    at file:///usr/share/code/resources/app/out/vs/workbench/workbench.main.js:2938:575
    at e.fire (file:///usr/share/code/resources/app/out/vs/workbench/workbench.main.js:169:992)
    at Socket.<anonymous> (file:///usr/share/code/resources/app/out/vs/workbench/workbench.main.js:301:187)
    at emitOne (events.js:96:13)
    at Socket.emit (events.js:191:7)
    at readableAddChunk (_stream_readable.js:178:18)
    at Socket.Readable.push (_stream_readable.js:136:10)
    at Pipe.onread (net.js:560:20)
