[2018-06-21 16:00:24.998] [sharedprocess] [info] main {"machineId":"c37e4895fb105ed02f9c5460573e1003d9052a49269d3bd11f06f8d643b56860"}
[2018-06-21 16:00:27.662] [sharedprocess] [info] Scanned user extensions: 31
[2018-06-21 16:00:28.346] [sharedprocess] [info] Scanned system extensions: 70
[2018-06-21 16:00:29.314] [sharedprocess] [info] Scanned user extensions: 31
[2018-06-21 16:00:29.315] [sharedprocess] [info] Scanned user extensions: 31
[2018-06-21 16:00:33.424] [sharedprocess] [info] Scanned system extensions: 70
[2018-06-21 16:00:33.526] [sharedprocess] [info] Scanned user extensions: 31
[2018-06-21 16:00:33.598] [sharedprocess] [info] Deleted from disk bung87.rails-0.7.0
[2018-06-21 16:00:34.594] [sharedprocess] [info] Scanned user extensions: 31
[2018-06-21 16:01:05.008] [sharedprocess] [info] Starting to clean up unused language packs.
[2018-06-21 16:05:34.662] [sharedprocess] [info] Scanned user extensions: 31
[2018-06-21 16:37:17.269] [sharedprocess] [info] Scanned user extensions: 31
[2018-06-21 16:42:17.313] [sharedprocess] [info] Scanned user extensions: 31
[2018-06-21 16:47:18.376] [sharedprocess] [info] Scanned user extensions: 31
[2018-06-21 16:52:18.427] [sharedprocess] [info] Scanned user extensions: 31
[2018-06-21 16:57:18.488] [sharedprocess] [info] Scanned user extensions: 31
[2018-06-21 17:02:18.538] [sharedprocess] [info] Scanned user extensions: 31
[2018-06-21 17:07:18.591] [sharedprocess] [info] Scanned user extensions: 31
[2018-06-21 17:12:18.640] [sharedprocess] [info] Scanned user extensions: 31
[2018-06-21 17:13:25.578] [sharedprocess] [info] Scanned user extensions: 31
[2018-06-21 17:13:25.581] [sharedprocess] [info] Scanned user extensions: 31
[2018-06-21 17:13:25.586] [sharedprocess] [info] Scanned user extensions: 31
[2018-06-21 17:13:25.641] [sharedprocess] [info] Scanned system extensions: 70
[2018-06-21 17:13:25.664] [sharedprocess] [info] Scanned system extensions: 70
[2018-06-21 17:13:25.735] [sharedprocess] [info] Scanned user extensions: 31
[2018-06-21 17:13:25.752] [sharedprocess] [info] Scanned system extensions: 70
[2018-06-21 17:13:28.635] [sharedprocess] [info] Scanned user extensions: 31
[2018-06-21 17:17:18.708] [sharedprocess] [info] Scanned user extensions: 31
[2018-06-21 17:18:28.686] [sharedprocess] [info] Scanned user extensions: 31
[2018-06-21 17:22:18.759] [sharedprocess] [info] Scanned user extensions: 31
[2018-06-21 17:23:28.751] [sharedprocess] [info] Scanned user extensions: 31
[2018-06-21 17:27:18.818] [sharedprocess] [info] Scanned user extensions: 31
[2018-06-21 17:28:28.802] [sharedprocess] [info] Scanned user extensions: 31
[2018-06-21 17:31:22.451] [sharedprocess] [info] Scanned user extensions: 31
[2018-06-21 17:32:18.870] [sharedprocess] [info] Scanned user extensions: 31
[2018-06-21 17:33:28.849] [sharedprocess] [info] Scanned user extensions: 31
[2018-06-21 17:37:18.966] [sharedprocess] [info] Scanned user extensions: 31
[2018-06-21 17:38:28.903] [sharedprocess] [info] Scanned user extensions: 31
[2018-06-21 17:42:19.019] [sharedprocess] [info] Scanned user extensions: 31
[2018-06-21 17:43:28.949] [sharedprocess] [info] Scanned user extensions: 31
[2018-06-21 17:46:38.653] [sharedprocess] [info] Scanned user extensions: 31
[2018-06-21 17:47:19.074] [sharedprocess] [info] Scanned user extensions: 31
[2018-06-21 17:48:29.006] [sharedprocess] [info] Scanned user extensions: 31
[2018-06-21 17:52:19.128] [sharedprocess] [info] Scanned user extensions: 31
[2018-06-21 17:53:29.049] [sharedprocess] [info] Scanned user extensions: 31
[2018-06-21 17:57:19.177] [sharedprocess] [info] Scanned user extensions: 31
[2018-06-21 17:58:29.097] [sharedprocess] [info] Scanned user extensions: 31
[2018-06-21 18:02:19.226] [sharedprocess] [info] Scanned user extensions: 31
[2018-06-21 18:03:29.141] [sharedprocess] [info] Scanned user extensions: 31
[2018-06-21 18:07:19.277] [sharedprocess] [info] Scanned user extensions: 31
[2018-06-21 18:08:29.188] [sharedprocess] [info] Scanned user extensions: 31
[2018-06-21 18:12:19.325] [sharedprocess] [info] Scanned user extensions: 31
[2018-06-21 18:13:29.233] [sharedprocess] [info] Scanned user extensions: 31
[2018-06-21 18:17:19.378] [sharedprocess] [info] Scanned user extensions: 31
[2018-06-21 18:18:29.287] [sharedprocess] [info] Scanned user extensions: 31
[2018-06-21 18:22:19.430] [sharedprocess] [info] Scanned user extensions: 31
[2018-06-21 18:23:29.337] [sharedprocess] [info] Scanned user extensions: 31
[2018-06-21 18:27:19.480] [sharedprocess] [info] Scanned user extensions: 31
[2018-06-21 18:28:29.383] [sharedprocess] [info] Scanned user extensions: 31
[2018-06-21 18:32:19.523] [sharedprocess] [info] Scanned user extensions: 31
[2018-06-21 18:33:29.437] [sharedprocess] [info] Scanned user extensions: 31
[2018-06-21 18:37:19.602] [sharedprocess] [info] Scanned user extensions: 31
[2018-06-21 18:38:29.487] [sharedprocess] [info] Scanned user extensions: 31
[2018-06-21 18:42:19.650] [sharedprocess] [info] Scanned user extensions: 31
[2018-06-21 18:43:29.538] [sharedprocess] [info] Scanned user extensions: 31
[2018-06-21 18:47:19.696] [sharedprocess] [info] Scanned user extensions: 31
[2018-06-21 18:48:29.589] [sharedprocess] [info] Scanned user extensions: 31
[2018-06-23 12:57:21.683] [sharedprocess] [info] Scanned user extensions: 31
[2018-06-23 12:58:31.128] [sharedprocess] [info] Scanned user extensions: 31
[2018-06-23 13:02:21.747] [sharedprocess] [info] Scanned user extensions: 31
[2018-06-23 13:07:21.796] [sharedprocess] [info] Scanned user extensions: 31
[2018-06-23 13:12:21.851] [sharedprocess] [info] Scanned user extensions: 31
[2018-06-23 13:17:21.895] [sharedprocess] [info] Scanned user extensions: 31
