[2018-06-18 09:30:16.211] [renderer1] [info] standard startup {"version":"1.24.0","ellapsed":11490,"timers":{"ellapsedExtensions":2437,"ellapsedExtensionsReady":11779,"ellapsedRequire":2175,"ellapsedEditorRestore":1984,"ellapsedViewletRestore":33,"ellapsedWorkbench":2154,"ellapsedWindowLoadToRequire":2171,"ellapsedTimersToTimersComputed":2,"ellapsedNlsGeneration":0,"ellapsedAppReady":870,"ellapsedWindowLoad":2572},"platform":"linux","release":"4.10.0-38-generic","arch":"x64","totalmem":6129270784,"freemem":4277547008,"meminfo":{"workingSetSize":275640,"peakWorkingSetSize":276092,"privateBytes":205008,"sharedBytes":70704},"cpus":{"count":4,"speed":2474,"model":"Intel(R) Core(TM) i5-4200U CPU @ 1.60GHz"},"loadavg":[1.45361328125,0.77197265625,0.306640625],"initialStartup":true,"isVMLikelyhood":0,"hasAccessibilitySupport":false,"emptyWorkbench":false,"common.machineId":"c37e4895fb105ed02f9c5460573e1003d9052a49269d3bd11f06f8d643b56860","sessionID":"810af982-8e9f-4b14-a06d-9937e1b234c31529325010443","commitHash":"6a6e02cef0f2122ee1469765b704faf5d0e0d859","common.platformVersion":"4.10.0","common.platform":"Linux","common.nodePlatform":"linux","common.nodeArch":"x64","timestamp":"2018-06-18T12:30:16.210Z","common.timesincesessionstart":5766,"common.sequence":10,"common.version.shell":"1.7.12","common.version.renderer":"58.0.3029.110","common.firstSessionDate":"Wed, 17 Jan 2018 23:18:13 GMT","common.lastSessionDate":"Fri, 15 Jun 2018 22:07:58 GMT","common.isNewSession":"0","common.instanceId":"a0aa52f2-8cb7-493a-8352-7d7636adb372"}
[2018-06-18 09:30:19.724] [renderer1] [error] Unable to write to User Settings because materialTheme.cache.workbench is not a registered configuration.: Error: Unable to write to User Settings because materialTheme.cache.workbench is not a registered configuration.
    at new t (file:///usr/share/code/resources/app/out/vs/workbench/workbench.main.js:4104:450)
    at e.wrapError (file:///usr/share/code/resources/app/out/vs/workbench/workbench.main.js:4108:460)
    at e.resolveAndValidate (file:///usr/share/code/resources/app/out/vs/workbench/workbench.main.js:4111:255)
    at e.doWriteConfiguration (file:///usr/share/code/resources/app/out/vs/workbench/workbench.main.js:4105:277)
    at Object.factory (file:///usr/share/code/resources/app/out/vs/workbench/workbench.main.js:4105:10)
    at t.e.consume (file:///usr/share/code/resources/app/out/vs/workbench/workbench.main.js:194:347)
    at e.queue (file:///usr/share/code/resources/app/out/vs/workbench/workbench.main.js:194:134)
    at new n.Class.derive._oncancel (file:///usr/share/code/resources/app/out/vs/workbench/workbench.main.js:156:625)
    at t.e.queue (file:///usr/share/code/resources/app/out/vs/workbench/workbench.main.js:194:49)
    at e.writeConfiguration (file:///usr/share/code/resources/app/out/vs/workbench/workbench.main.js:4104:992)
    at t.writeConfigurationValue (file:///usr/share/code/resources/app/out/vs/workbench/workbench.main.js:4130:55)
    at t.updateValue (file:///usr/share/code/resources/app/out/vs/workbench/workbench.main.js:4119:580)
    at e.writeConfiguration (file:///usr/share/code/resources/app/out/vs/workbench/workbench.main.js:2882:191)
    at e.$removeConfigurationOption (file:///usr/share/code/resources/app/out/vs/workbench/workbench.main.js:2882:14)
    at e._doInvokeHandler (file:///usr/share/code/resources/app/out/vs/workbench/workbench.main.js:2937:1012)
    at e._invokeHandler (file:///usr/share/code/resources/app/out/vs/workbench/workbench.main.js:2937:730)
    at e._receiveRequest (file:///usr/share/code/resources/app/out/vs/workbench/workbench.main.js:2936:819)
    at e._receiveOneMessage (file:///usr/share/code/resources/app/out/vs/workbench/workbench.main.js:2936:588)
    at file:///usr/share/code/resources/app/out/vs/workbench/workbench.main.js:2935:518
    at file:///usr/share/code/resources/app/out/vs/workbench/workbench.main.js:2938:575
    at e.fire (file:///usr/share/code/resources/app/out/vs/workbench/workbench.main.js:169:992)
    at Socket.<anonymous> (file:///usr/share/code/resources/app/out/vs/workbench/workbench.main.js:301:187)
    at emitOne (events.js:96:13)
    at Socket.emit (events.js:191:7)
    at readableAddChunk (_stream_readable.js:178:18)
    at Socket.Readable.push (_stream_readable.js:136:10)
    at Pipe.onread (net.js:560:20)
