[2018-06-20 19:10:54.052] [exthost1] [info] extension host started
[2018-06-20 19:10:54.103] [exthost1] [info] ExtensionService#_doActivateExtension vscode.emmet {"startup":true,"activationEvent":"*"}
[2018-06-20 19:10:54.103] [exthost1] [info] ExtensionService#loadCommonJSModule /usr/share/code/resources/app/extensions/emmet/out/extension
[2018-06-20 19:10:54.202] [exthost1] [info] ExtensionService#_doActivateExtension vscode.git {"startup":true,"activationEvent":"*"}
[2018-06-20 19:10:54.202] [exthost1] [info] ExtensionService#loadCommonJSModule /usr/share/code/resources/app/extensions/git/out/main
[2018-06-20 19:10:54.413] [exthost1] [info] ExtensionService#_doActivateExtension vscode.merge-conflict {"startup":true,"activationEvent":"*"}
[2018-06-20 19:10:54.413] [exthost1] [info] ExtensionService#loadCommonJSModule /usr/share/code/resources/app/extensions/merge-conflict/out/extension
[2018-06-20 19:10:54.435] [exthost1] [info] ExtensionService#_doActivateExtension vscode.search-rg {"startup":true,"activationEvent":"*"}
[2018-06-20 19:10:54.435] [exthost1] [info] ExtensionService#loadCommonJSModule /usr/share/code/resources/app/extensions/search-rg/out/extension
[2018-06-20 19:10:54.447] [exthost1] [info] ExtensionService#_doActivateExtension CoenraadS.bracket-pair-colorizer {"startup":true,"activationEvent":"*"}
[2018-06-20 19:10:54.447] [exthost1] [info] ExtensionService#loadCommonJSModule /home/matheus/.vscode/extensions/CoenraadS.bracket-pair-colorizer-1.0.58/out/src/extension
[2018-06-20 19:10:54.472] [exthost1] [info] ExtensionService#_doActivateExtension EditorConfig.EditorConfig {"startup":true,"activationEvent":"*"}
[2018-06-20 19:10:54.472] [exthost1] [info] ExtensionService#loadCommonJSModule /home/matheus/.vscode/extensions/EditorConfig.editorconfig-0.12.4/out/src/editorConfigMain
[2018-06-20 19:10:54.517] [exthost1] [info] ExtensionService#_doActivateExtension Equinusocio.vsc-material-theme {"startup":true,"activationEvent":"*"}
[2018-06-20 19:10:54.517] [exthost1] [info] ExtensionService#loadCommonJSModule /home/matheus/.vscode/extensions/Equinusocio.vsc-material-theme-2.1.0/extensions/material.theme.config.js
[2018-06-20 19:10:54.540] [exthost1] [info] ExtensionService#_doActivateExtension PKief.material-icon-theme {"startup":true,"activationEvent":"*"}
[2018-06-20 19:10:54.540] [exthost1] [info] ExtensionService#loadCommonJSModule /home/matheus/.vscode/extensions/PKief.material-icon-theme-3.5.0/out/src/extension
[2018-06-20 19:10:54.599] [exthost1] [info] ExtensionService#_doActivateExtension dbaeumer.vscode-eslint {"startup":true,"activationEvent":"*"}
[2018-06-20 19:10:54.599] [exthost1] [info] ExtensionService#loadCommonJSModule /home/matheus/.vscode/extensions/dbaeumer.vscode-eslint-1.4.12/client/out/extension
[2018-06-20 19:10:54.668] [exthost1] [info] ExtensionService#_doActivateExtension eamodio.gitlens {"startup":true,"activationEvent":"*"}
[2018-06-20 19:10:54.668] [exthost1] [info] ExtensionService#loadCommonJSModule /home/matheus/.vscode/extensions/eamodio.gitlens-8.4.1/out/extension
[2018-06-20 19:10:54.906] [exthost1] [info] ExtensionService#_doActivateExtension HookyQR.beautify {"startup":true,"activationEvent":"*"}
[2018-06-20 19:10:54.906] [exthost1] [info] ExtensionService#loadCommonJSModule /home/matheus/.vscode/extensions/hookyqr.beautify-1.3.2/extension
[2018-06-20 19:10:54.952] [exthost1] [info] ExtensionService#_doActivateExtension remimarsal.prettier-now {"startup":true,"activationEvent":"*"}
[2018-06-20 19:10:54.952] [exthost1] [info] ExtensionService#loadCommonJSModule /home/matheus/.vscode/extensions/remimarsal.prettier-now-1.4.9/out/src/extension
[2018-06-20 19:10:55.035] [exthost1] [info] ExtensionService#_doActivateExtension austin.code-gnu-global {"startup":false,"activationEvent":"onLanguage:c"}
[2018-06-20 19:10:55.035] [exthost1] [info] ExtensionService#loadCommonJSModule /home/matheus/.vscode/extensions/austin.code-gnu-global-0.2.2/out/src/extension
[2018-06-20 19:10:55.099] [exthost1] [info] ExtensionService#_doActivateExtension ms-vscode.cpptools {"startup":false,"activationEvent":"onLanguage:c"}
[2018-06-20 19:10:55.099] [exthost1] [info] ExtensionService#loadCommonJSModule /home/matheus/.vscode/extensions/ms-vscode.cpptools-0.17.4/out/src/main
[2018-06-20 19:10:56.384] [exthost1] [info] eager extensions activated
[2018-06-20 22:09:06.522] [exthost1] [info] ExtensionService#_doActivateExtension donjayamanne.githistory {"startup":false,"activationEvent":"onCommand:git.viewHistory"}
[2018-06-20 22:09:06.522] [exthost1] [info] ExtensionService#loadCommonJSModule /home/matheus/.vscode/extensions/donjayamanne.githistory-0.4.1/out/src/extension
