[2018-06-20 19:10:52.004] [sharedprocess] [info] main {"machineId":"c37e4895fb105ed02f9c5460573e1003d9052a49269d3bd11f06f8d643b56860"}
[2018-06-20 19:10:52.171] [sharedprocess] [info] Scanned user extensions: 30
[2018-06-20 19:10:52.213] [sharedprocess] [info] Scanned system extensions: 70
[2018-06-20 19:10:54.422] [sharedprocess] [info] Deleted from disk eamodio.gitlens-8.4.0
[2018-06-20 19:10:54.476] [sharedprocess] [info] Scanned user extensions: 30
[2018-06-20 19:10:54.480] [sharedprocess] [info] Scanned user extensions: 30
[2018-06-20 19:10:54.493] [sharedprocess] [info] Scanned user extensions: 30
[2018-06-20 19:10:54.525] [sharedprocess] [info] Deleted from disk ms-python.python-2018.5.0
[2018-06-20 19:10:54.533] [sharedprocess] [info] Scanned system extensions: 70
[2018-06-20 19:10:56.001] [sharedprocess] [info] Scanned user extensions: 30
[2018-06-20 19:11:32.014] [sharedprocess] [info] Starting to clean up unused language packs.
[2018-06-20 19:15:56.067] [sharedprocess] [info] Scanned user extensions: 30
[2018-06-20 19:20:56.116] [sharedprocess] [info] Scanned user extensions: 30
[2018-06-20 19:25:56.171] [sharedprocess] [info] Scanned user extensions: 30
[2018-06-20 19:30:56.228] [sharedprocess] [info] Scanned user extensions: 30
[2018-06-20 19:35:56.276] [sharedprocess] [info] Scanned user extensions: 30
[2018-06-20 20:49:33.380] [sharedprocess] [info] Scanned user extensions: 30
[2018-06-20 20:54:33.431] [sharedprocess] [info] Scanned user extensions: 30
[2018-06-20 20:59:33.484] [sharedprocess] [info] Scanned user extensions: 30
[2018-06-20 21:04:33.539] [sharedprocess] [info] Scanned user extensions: 30
[2018-06-20 21:09:34.561] [sharedprocess] [info] Scanned user extensions: 30
[2018-06-20 21:14:34.611] [sharedprocess] [info] Scanned user extensions: 30
[2018-06-20 21:19:34.664] [sharedprocess] [info] Scanned user extensions: 30
[2018-06-20 21:24:34.715] [sharedprocess] [info] Scanned user extensions: 30
[2018-06-20 21:29:34.756] [sharedprocess] [info] Scanned user extensions: 30
[2018-06-20 21:34:34.831] [sharedprocess] [info] Scanned user extensions: 30
[2018-06-20 21:39:34.885] [sharedprocess] [info] Scanned user extensions: 30
[2018-06-20 21:44:34.932] [sharedprocess] [info] Scanned user extensions: 30
[2018-06-20 21:49:35.041] [sharedprocess] [info] Scanned user extensions: 30
[2018-06-20 21:54:35.090] [sharedprocess] [info] Scanned user extensions: 30
[2018-06-20 21:59:35.143] [sharedprocess] [info] Scanned user extensions: 30
[2018-06-20 22:04:35.198] [sharedprocess] [info] Scanned user extensions: 30
[2018-06-20 22:09:35.245] [sharedprocess] [info] Scanned user extensions: 30
[2018-06-20 22:14:35.294] [sharedprocess] [info] Scanned user extensions: 30
[2018-06-20 22:19:35.345] [sharedprocess] [info] Scanned user extensions: 30
[2018-06-20 22:24:35.397] [sharedprocess] [info] Scanned user extensions: 30
[2018-06-20 22:29:35.454] [sharedprocess] [info] Scanned user extensions: 30
[2018-06-20 22:34:35.494] [sharedprocess] [info] Scanned user extensions: 30
[2018-06-20 22:39:35.541] [sharedprocess] [info] Scanned user extensions: 30
[2018-06-20 22:44:35.594] [sharedprocess] [info] Scanned user extensions: 30
[2018-06-20 22:49:35.726] [sharedprocess] [info] Scanned user extensions: 30
[2018-06-20 22:54:35.777] [sharedprocess] [info] Scanned user extensions: 30
[2018-06-20 22:59:35.832] [sharedprocess] [info] Scanned user extensions: 30
[2018-06-20 23:04:35.886] [sharedprocess] [info] Scanned user extensions: 30
[2018-06-20 23:09:35.939] [sharedprocess] [info] Scanned user extensions: 30
[2018-06-20 23:14:35.994] [sharedprocess] [info] Scanned user extensions: 30
[2018-06-20 23:19:36.050] [sharedprocess] [info] Scanned user extensions: 30
[2018-06-20 23:24:36.104] [sharedprocess] [info] Scanned user extensions: 30
[2018-06-20 23:29:36.164] [sharedprocess] [info] Scanned user extensions: 30
[2018-06-20 23:34:36.212] [sharedprocess] [info] Scanned user extensions: 30
[2018-06-20 23:39:36.261] [sharedprocess] [info] Scanned user extensions: 30
[2018-06-20 23:44:36.313] [sharedprocess] [info] Scanned user extensions: 30
[2018-06-20 23:49:36.781] [sharedprocess] [info] Scanned user extensions: 30
[2018-06-20 23:54:36.846] [sharedprocess] [info] Scanned user extensions: 30
[2018-06-20 23:59:36.896] [sharedprocess] [info] Scanned user extensions: 30
[2018-06-21 00:04:36.949] [sharedprocess] [info] Scanned user extensions: 30
[2018-06-21 00:09:37.003] [sharedprocess] [info] Scanned user extensions: 30
[2018-06-21 00:14:37.073] [sharedprocess] [info] Scanned user extensions: 30
[2018-06-21 00:19:37.128] [sharedprocess] [info] Scanned user extensions: 30
[2018-06-21 00:24:37.170] [sharedprocess] [info] Scanned user extensions: 30
[2018-06-21 00:29:37.219] [sharedprocess] [info] Scanned user extensions: 30
[2018-06-21 00:34:37.269] [sharedprocess] [info] Scanned user extensions: 30
[2018-06-21 00:39:37.320] [sharedprocess] [info] Scanned user extensions: 30
[2018-06-21 00:44:37.378] [sharedprocess] [info] Scanned user extensions: 30
[2018-06-21 00:49:37.512] [sharedprocess] [info] Scanned user extensions: 30
[2018-06-21 00:54:37.558] [sharedprocess] [info] Scanned user extensions: 30
[2018-06-21 00:59:37.607] [sharedprocess] [info] Scanned user extensions: 30
[2018-06-21 01:04:37.661] [sharedprocess] [info] Scanned user extensions: 30
[2018-06-21 01:09:37.744] [sharedprocess] [info] Scanned user extensions: 30
[2018-06-21 01:14:37.791] [sharedprocess] [info] Scanned user extensions: 30
[2018-06-21 01:19:37.838] [sharedprocess] [info] Scanned user extensions: 30
[2018-06-21 01:24:37.889] [sharedprocess] [info] Scanned user extensions: 30
[2018-06-21 01:29:37.945] [sharedprocess] [info] Scanned user extensions: 30
[2018-06-21 01:34:38.018] [sharedprocess] [info] Scanned user extensions: 30
[2018-06-21 01:39:38.066] [sharedprocess] [info] Scanned user extensions: 30
[2018-06-21 01:44:38.106] [sharedprocess] [info] Scanned user extensions: 30
[2018-06-21 01:49:38.276] [sharedprocess] [info] Scanned user extensions: 30
[2018-06-21 01:54:38.325] [sharedprocess] [info] Scanned user extensions: 30
[2018-06-21 01:59:38.372] [sharedprocess] [info] Scanned user extensions: 30
[2018-06-21 02:04:38.420] [sharedprocess] [info] Scanned user extensions: 30
[2018-06-21 02:09:38.470] [sharedprocess] [info] Scanned user extensions: 30
[2018-06-21 02:14:38.518] [sharedprocess] [info] Scanned user extensions: 30
[2018-06-21 02:19:38.660] [sharedprocess] [info] Scanned user extensions: 30
[2018-06-21 02:24:38.714] [sharedprocess] [info] Scanned user extensions: 30
