git rev-parse --show-toplevel  (completed in 0.195s)
git rev-parse --show-toplevel  (completed in 0.202s)
git rev-parse --show-toplevel  (completed in 0.267s)
git rev-parse --show-toplevel  (completed in 0.273s)
git rev-parse --show-toplevel  (completed in 0.191s)
git rev-parse --show-toplevel  (completed in 0.006s)
git rev-parse --abbrev-ref HEAD  (completed in 0.005s)
Server running on http://localhost:46875/?_&id=2204817a2d9d2b7590cfd993af9c21a4&branchName=master&file=&theme=&branchSelection=1&locale=en_US
git log --full-history --pretty=oneline --date-order --decorate=full --skip=0 --max-count=100 master  (completed in 0.019s)
git branch  (completed in 0.02s)
git show-ref  (completed in 0.008s)
git branch --all --contains 5ff665e5e5ed139f9ad5178ccd9d212d6c35c4da  (completed in 0.008s)
git shortlog -e -s -n HEAD  (completed in 0.014s)
git remote get-url origin  (completed in 0.006s)
git rev-parse --show-toplevel  (completed in 0.018s)
git rev-parse --show-toplevel  (completed in 0.024s)
git rev-parse --show-toplevel  (completed in 0.089s)
git rev-parse --show-toplevel  (completed in 0.096s)
git rev-parse --show-toplevel  (completed in 0.01s)
git rev-parse --abbrev-ref HEAD  (completed in 0.005s)
git log --pretty=oneline -n1 355515aeb36a1ebf72d1a917b456343a3b2f9a3a  (completed in 0.005s)
git show --pretty=oneline --decorate=full --numstat 355515aeb36a1ebf72d1a917b456343a3b2f9a3a  (completed in 0.006s)
git show --numstat --pretty=oneline -M 355515aeb36a1ebf72d1a917b456343a3b2f9a3a  (completed in 0.006s)
git show --name-status --pretty=oneline -M 355515aeb36a1ebf72d1a917b456343a3b2f9a3a  (completed in 0.01s)
git remote get-url origin  (completed in 0.017s)
git log --full-history --pretty=oneline --date-order --decorate=full --skip=100 --max-count=100 master  (completed in 0.008s)
git show-ref  (completed in 0.006s)
git log --full-history --pretty=oneline --date-order --decorate=full --skip=0 --max-count=100 master  (completed in 0.012s)
git show-ref  (completed in 0.006s)
git branch --all --contains 5ff665e5e5ed139f9ad5178ccd9d212d6c35c4da  (completed in 0.006s)
git remote get-url origin  (completed in 0.008s)
git remote get-url origin  (completed in 0.008s)
git remote get-url origin  (completed in 0.005s)
git remote get-url origin  (completed in 0.005s)
git remote get-url origin  (completed in 0.005s)
