Initializing document watcher...
Rebuilding config map...
EP2-Numerico/analise_sonora.c: Using EditorConfig core...
Detected change in configuration: {}
EP2-Numerico/analise_sonora.c: {}
EP2-Numerico/Makefile: Using EditorConfig core...
EP2-Numerico/Makefile: {}
EP2-Numerico/analise_sonora.c: Applying configuration map...
EP2-Numerico/analise_sonora.c: {}
/tmp/analise_sonora-355515ae__5422T02zrvyJjtPW.c: Using EditorConfig core...
/tmp/analise_sonora-355515ae__5422T02zrvyJjtPW.c: {}
EP2-Numerico/analise_sonora.c: Applying configuration map...
EP2-Numerico/analise_sonora.c: {}
EP2-Numerico/analise_sonora.c: Applying configuration map...
EP2-Numerico/analise_sonora.c: {}
EP2-Numerico/analise_sonora.c: Applying configuration map...
EP2-Numerico/analise_sonora.c: {}
EP2-Numerico/analise_sonora.c: Applying configuration map...
EP2-Numerico/analise_sonora.c: {}
EP2-Numerico/analise_sonora.c: Applying configuration map...
EP2-Numerico/analise_sonora.c: {}
EP2-Numerico/analise_sonora.c: Applying configuration map...
EP2-Numerico/analise_sonora.c: {}
EP2-Numerico/analise_sonora.c: Applying configuration map...
EP2-Numerico/analise_sonora.c: {}
EP2-Numerico/analise_sonora.c: Applying configuration map...
EP2-Numerico/analise_sonora.c: {}
EP2-Numerico/analise_sonora.c: Applying configuration map...
EP2-Numerico/analise_sonora.c: {}
EP2-Numerico/analise_sonora.c: Applying configuration map...
EP2-Numerico/analise_sonora.c: {}
EP2-Numerico/analise_sonora.c: Applying configuration map...
EP2-Numerico/analise_sonora.c: {}
EP2-Numerico/analise_sonora.c: Applying configuration map...
EP2-Numerico/analise_sonora.c: {}
EP2-Numerico/analise_sonora.c: Applying configuration map...
EP2-Numerico/analise_sonora.c: {}
EP2-Numerico/analise_sonora.c: Applying configuration map...
EP2-Numerico/analise_sonora.c: {}
EP2-Numerico/analise_sonora.c: Applying configuration map...
EP2-Numerico/analise_sonora.c: {}
EP2-Numerico/analise_sonora.c: Applying configuration map...
EP2-Numerico/analise_sonora.c: {}
Detected change in configuration: {}
Detected change in configuration: {}
Detected change in configuration: {}
Detected change in configuration: {}
EP2-Numerico/README.md: Using EditorConfig core...
EP2-Numerico/README.md: {}
