Initializing document watcher...
Rebuilding config map...
EP2-Numerico/fourier.c: Using EditorConfig core...
Detected change in configuration: {}
EP2-Numerico/fourier.c: {}
EP2-Numerico/testes.c: Using EditorConfig core...
EP2-Numerico/testes.c: {}
EP2-Numerico/fourier.c: Applying configuration map...
EP2-Numerico/fourier.c: {}
EP2-Numerico/testes.c: Applying configuration map...
EP2-Numerico/testes.c: {}
EP2-Numerico/fourier.c: Applying configuration map...
EP2-Numerico/fourier.c: {}
EP2-Numerico/testes.c: Applying configuration map...
EP2-Numerico/testes.c: {}
EP2-Numerico/fourier.c: Applying configuration map...
EP2-Numerico/fourier.c: {}
EP2-Numerico/testes.c: Applying configuration map...
EP2-Numerico/testes.c: {}
EP2-Numerico/fourier.c: Applying configuration map...
EP2-Numerico/fourier.c: {}
EP2-Numerico/testes.c: Applying configuration map...
EP2-Numerico/testes.c: {}
EP2-Numerico/fourier.c: Applying configuration map...
EP2-Numerico/fourier.c: {}
EP2-Numerico/testes.c: Applying configuration map...
EP2-Numerico/testes.c: {}
EP2-Numerico/fourier.c: Applying configuration map...
EP2-Numerico/fourier.c: {}
EP2-Numerico/testes.c: Applying configuration map...
EP2-Numerico/testes.c: {}
EP2-Numerico/fourier.c: Applying configuration map...
EP2-Numerico/fourier.c: {}
EP2-Numerico/testes.c: Applying configuration map...
EP2-Numerico/testes.c: {}
EP2-Numerico/fourier.c: Applying configuration map...
EP2-Numerico/fourier.c: {}
EP2-Numerico/testes.c: Applying configuration map...
EP2-Numerico/testes.c: {}
EP2-Numerico/fourier.c: Applying configuration map...
EP2-Numerico/fourier.c: {}
EP2-Numerico/testes.c: Applying configuration map...
EP2-Numerico/testes.c: {}
EP2-Numerico/fourier.c: Applying configuration map...
EP2-Numerico/fourier.c: {}
EP2-Numerico/testes.c: Applying configuration map...
EP2-Numerico/testes.c: {}
EP2-Numerico/fourier.c: Applying configuration map...
EP2-Numerico/fourier.c: {}
EP2-Numerico/testes.c: Applying configuration map...
EP2-Numerico/testes.c: {}
EP2-Numerico/fourier.c: Applying configuration map...
EP2-Numerico/fourier.c: {}
EP2-Numerico/fourier.h: Using EditorConfig core...
EP2-Numerico/fourier.h: {}
EP2-Numerico/fourier.c: Applying configuration map...
EP2-Numerico/fourier.c: {}
EP2-Numerico/fourier.h: Applying configuration map...
EP2-Numerico/fourier.h: {}
EP2-Numerico/testes.c: Applying configuration map...
EP2-Numerico/testes.c: {}
EP2-Numerico/fourier.c: Applying configuration map...
EP2-Numerico/fourier.c: {}
EP2-Numerico/fourier.h: Applying configuration map...
EP2-Numerico/fourier.h: {}
EP2-Numerico/testes.c: Applying configuration map...
EP2-Numerico/testes.c: {}
EP2-Numerico/fourier.c: Applying configuration map...
EP2-Numerico/fourier.c: {}
EP2-Numerico/fourier.h: Applying configuration map...
EP2-Numerico/fourier.h: {}
EP2-Numerico/fourier.c: Applying configuration map...
EP2-Numerico/fourier.c: {}
EP2-Numerico/testes.c: Applying configuration map...
EP2-Numerico/testes.c: {}
EP2-Numerico/fourier.c: Applying configuration map...
EP2-Numerico/fourier.c: {}
EP2-Numerico/testes.c: Applying configuration map...
EP2-Numerico/testes.c: {}
EP2-Numerico/fourier.c: Applying configuration map...
EP2-Numerico/fourier.c: {}
EP2-Numerico/testes.c: Applying configuration map...
EP2-Numerico/testes.c: {}
EP2-Numerico/fourier.c: Applying configuration map...
EP2-Numerico/fourier.c: {}
EP2-Numerico/testes.c: Applying configuration map...
EP2-Numerico/testes.c: {}
EP2-Numerico/fourier.c: Applying configuration map...
EP2-Numerico/fourier.c: {}
EP2-Numerico/fourier.h: Applying configuration map...
EP2-Numerico/fourier.h: {}
EP2-Numerico/testes.c: Applying configuration map...
EP2-Numerico/testes.c: {}
EP2-Numerico/fourier.c: Applying configuration map...
EP2-Numerico/fourier.c: {}
EP2-Numerico/testes.c: Applying configuration map...
EP2-Numerico/testes.c: {}
EP2-Numerico/fourier.c: Applying configuration map...
EP2-Numerico/fourier.c: {}
EP2-Numerico/testes.c: Applying configuration map...
EP2-Numerico/testes.c: {}
EP2-Numerico/fourier.c: Applying configuration map...
EP2-Numerico/fourier.c: {}
EP2-Numerico/testes.c: Applying configuration map...
EP2-Numerico/testes.c: {}
EP2-Numerico/fourier.c: Applying configuration map...
EP2-Numerico/fourier.c: {}
EP2-Numerico/fourier.h: Applying configuration map...
EP2-Numerico/fourier.h: {}
EP2-Numerico/fourier.c: Applying configuration map...
EP2-Numerico/fourier.c: {}
EP2-Numerico/fourier.h: Applying configuration map...
EP2-Numerico/fourier.h: {}
EP2-Numerico/fourier.c: Applying configuration map...
EP2-Numerico/fourier.c: {}
EP2-Numerico/testes.c: Applying configuration map...
EP2-Numerico/testes.c: {}
EP2-Numerico/fourier.c: Applying configuration map...
EP2-Numerico/fourier.c: {}
EP2-Numerico/testes.c: Applying configuration map...
EP2-Numerico/testes.c: {}
EP2-Numerico/fourier.c: Applying configuration map...
EP2-Numerico/fourier.c: {}
