Initializing document watcher...
Rebuilding config map...
EP2-Numerico/analise_sonora.c: Using EditorConfig core...
Detected change in configuration: {}
EP2-Numerico/analise_sonora.c: {}
/home/matheus/Documents/Numerico/EP1/EP-Numerico/main.c: Using EditorConfig core...
/home/matheus/Documents/Numerico/EP1/EP-Numerico/main.c: {}
EP2-Numerico/analise_sonora.c: Applying configuration map...
EP2-Numerico/analise_sonora.c: {}
EP2-Numerico/Makefile: Using EditorConfig core...
EP2-Numerico/Makefile: {}
EP2-Numerico/analise_sonora.c: Applying configuration map...
EP2-Numerico/analise_sonora.c: {}
EP2-Numerico/fourier.c: Using EditorConfig core...
EP2-Numerico/fourier.c: {}
EP2-Numerico/analise_sonora.c: Applying configuration map...
EP2-Numerico/analise_sonora.c: {}
EP2-Numerico/analise_sonora.c: Applying configuration map...
EP2-Numerico/analise_sonora.c: {}
EP2-Numerico/analise_sonora.c: Applying configuration map...
EP2-Numerico/analise_sonora.c: {}
EP2-Numerico/analise_sonora.c: Applying configuration map...
EP2-Numerico/analise_sonora.c: {}
EP2-Numerico/analise_sonora.c: Applying configuration map...
EP2-Numerico/analise_sonora.c: {}
EP2-Numerico/analise_sonora.c: Applying configuration map...
EP2-Numerico/analise_sonora.c: {}
EP2-Numerico/analise_sonora.c: Applying configuration map...
EP2-Numerico/analise_sonora.c: {}
/tmp/9624464582733c238632331aebbbff18cd76f1131529543482647tmp-16663JFZioaAaJdCB.c/analise_sonora.c: Using EditorConfig core...
/tmp/9624464582733c238632331aebbbff18cd76f1131529543482647tmp-16663JFZioaAaJdCB.c/analise_sonora.c: {}
/tmp/3acb51e3a940233d104f8f1805711d041d503cff1529543536025tmp-16663w32supVABR1Q.c/analise_sonora.c: Using EditorConfig core...
/tmp/3acb51e3a940233d104f8f1805711d041d503cff1529543536025tmp-16663w32supVABR1Q.c/analise_sonora.c: {}
/tmp/abb4412609e0950cb25481c9664def60740c07d41529543574882tmp-16663GrVRCs1nuniF.c/analise_sonora.c: Using EditorConfig core...
/tmp/abb4412609e0950cb25481c9664def60740c07d41529543574882tmp-16663GrVRCs1nuniF.c/analise_sonora.c: {}
/tmp/9624464582733c238632331aebbbff18cd76f1131529543649222tmp-16663zrIb2fk43nOa.c/analise_sonora.c: Using EditorConfig core...
/tmp/9624464582733c238632331aebbbff18cd76f1131529543649222tmp-16663zrIb2fk43nOa.c/analise_sonora.c: {}
/tmp/9624464582733c238632331aebbbff18cd76f1131529543676246tmp-166630Uke4C1SHZZ6.c/analise_sonora.c: Using EditorConfig core...
/tmp/9624464582733c238632331aebbbff18cd76f1131529543676246tmp-166630Uke4C1SHZZ6.c/analise_sonora.c: {}
/tmp/9eb240b153d87c60d5d25251be63ed647609b7011529543676257tmp-1666382j3egkUGCK2.c/analise_sonora.c: Using EditorConfig core...
/tmp/9eb240b153d87c60d5d25251be63ed647609b7011529543676257tmp-1666382j3egkUGCK2.c/analise_sonora.c: {}
/tmp/9624464582733c238632331aebbbff18cd76f1131529543676246tmp-166630Uke4C1SHZZ6.c/analise_sonora.c: Applying configuration map...
/tmp/9624464582733c238632331aebbbff18cd76f1131529543676246tmp-166630Uke4C1SHZZ6.c/analise_sonora.c: {}
EP2-Numerico/analise_sonora.c: Applying configuration map...
EP2-Numerico/analise_sonora.c: {}
EP2-Numerico/fourier.c: Applying configuration map...
EP2-Numerico/fourier.c: {}
/home/matheus/Documents/Numerico/EP1/EP-Numerico/main.c: Applying configuration map...
/home/matheus/Documents/Numerico/EP1/EP-Numerico/main.c: {}
EP2-Numerico/analise_sonora.c: Applying configuration map...
EP2-Numerico/analise_sonora.c: {}
/home/matheus/Documents/Numerico/EP1/EP-Numerico/main.c: Applying configuration map...
/home/matheus/Documents/Numerico/EP1/EP-Numerico/main.c: {}
EP2-Numerico/analise_sonora.c: Applying configuration map...
EP2-Numerico/analise_sonora.c: {}
EP2-Numerico/Makefile: Applying configuration map...
EP2-Numerico/Makefile: {}
EP2-Numerico/analise_sonora.c: Applying configuration map...
EP2-Numerico/analise_sonora.c: {}
EP2-Numerico/Makefile: Applying configuration map...
EP2-Numerico/Makefile: {}
EP2-Numerico/analise_sonora.c: Applying configuration map...
EP2-Numerico/analise_sonora.c: {}
EP2-Numerico/Makefile: Applying configuration map...
EP2-Numerico/Makefile: {}
EP2-Numerico/analise_sonora.c: Applying configuration map...
EP2-Numerico/analise_sonora.c: {}
EP2-Numerico/Makefile: Applying configuration map...
EP2-Numerico/Makefile: {}
EP2-Numerico/analise_sonora.c: Applying configuration map...
EP2-Numerico/analise_sonora.c: {}
EP2-Numerico/fourier.c: Applying configuration map...
EP2-Numerico/fourier.c: {}
EP2-Numerico/testes.c: Using EditorConfig core...
EP2-Numerico/testes.c: {}
EP2-Numerico/analise_sonora.c: Applying configuration map...
EP2-Numerico/analise_sonora.c: {}
