git rev-parse --show-toplevel  (completed in 0.146s)
git rev-parse --show-toplevel  (completed in 0.184s)
git rev-parse --show-toplevel  (completed in 0.263s)
git rev-parse --show-toplevel  (completed in 0.086s)
git rev-parse --show-toplevel  (completed in 0.013s)
git rev-parse --show-toplevel  (completed in 0.013s)
git rev-parse --abbrev-ref HEAD  (completed in 0.013s)
Server running on http://localhost:39311/?_&id=15d0cf095735cc92656c4ba845d5f32d&branchName=master&file=&theme=&branchSelection=1&locale=en_US
git rev-parse --abbrev-ref HEAD  (completed in 0.015s)
git log --full-history --pretty=oneline --date-order --decorate=full --skip=0 --max-count=100 master  (completed in 0.021s)
git shortlog -e -s -n HEAD  (completed in 0.016s)
git branch  (completed in 0.027s)
git show-ref  (completed in 0.01s)
git branch --all --contains ff18d964a12d99f4d23b6573751196ca8d76ffec  (completed in 0.011s)
git remote get-url origin  (completed in 0.006s)
git rev-parse --show-toplevel  (completed in 0.006s)
git rev-parse --show-toplevel  (completed in 0.088s)
git rev-parse --abbrev-ref HEAD  (completed in 0.007s)
Server running on http://localhost:39311/?_&id=15d0cf095735cc92656c4ba845d5f32d&branchName=master&file=&theme=&branchSelection=1&locale=en_US
git log --full-history --pretty=oneline --date-order --decorate=full --skip=0 --max-count=100 master  (completed in 0.07s)
git show-ref  (completed in 0.006s)
git branch --all --contains ff18d964a12d99f4d23b6573751196ca8d76ffec  (completed in 0.008s)
git branch  (completed in 0.017s)
git shortlog -e -s -n HEAD  (completed in 0.013s)
git remote get-url origin  (completed in 0.008s)
git log --full-history --pretty=oneline --date-order --decorate=full --skip=0 --max-count=100 master  (completed in 0.009s)
git show-ref  (completed in 0.006s)
git branch --all --contains ff18d964a12d99f4d23b6573751196ca8d76ffec  (completed in 0.007s)
git remote get-url origin  (completed in 0.007s)
git log --pretty=oneline -n1 8af96ebbff29b5fb051fa1e26912f244f8337f79  (completed in 0.005s)
git show --pretty=oneline --decorate=full --numstat 8af96ebbff29b5fb051fa1e26912f244f8337f79  (completed in 0.006s)
git show --numstat --pretty=oneline -M 8af96ebbff29b5fb051fa1e26912f244f8337f79  (completed in 0.006s)
git show --name-status --pretty=oneline -M 8af96ebbff29b5fb051fa1e26912f244f8337f79  (completed in 0.006s)
git remote get-url origin  (completed in 0.01s)
git remote get-url origin  (completed in 0.005s)
git remote get-url origin  (completed in 0.005s)
git rev-parse --show-toplevel  (completed in 0.086s)
git rev-parse --show-toplevel  (completed in 0.006s)
git rev-parse --abbrev-ref HEAD  (completed in 0.007s)
Server running on http://localhost:39311/?_&id=15d0cf095735cc92656c4ba845d5f32d&branchName=master&file=&theme=&branchSelection=1&locale=en_US
git branch  (completed in 0.012s)
git log --full-history --pretty=oneline --date-order --decorate=full --skip=0 --max-count=100 master  (completed in 0.026s)
git show-ref  (completed in 0.009s)
git shortlog -e -s -n HEAD  (completed in 0.027s)
git branch --all --contains ff18d964a12d99f4d23b6573751196ca8d76ffec  (completed in 0.007s)
git remote get-url origin  (completed in 0.005s)
git log --pretty=oneline -n1 9624464582733c238632331aebbbff18cd76f113  (completed in 0.006s)
git show --pretty=oneline --decorate=full --numstat 9624464582733c238632331aebbbff18cd76f113  (completed in 0.007s)
git show --numstat --pretty=oneline -M 9624464582733c238632331aebbbff18cd76f113  (completed in 0.007s)
git show --name-status --pretty=oneline -M 9624464582733c238632331aebbbff18cd76f113  (completed in 0.005s)
git remote get-url origin  (completed in 0.01s)
git show 9624464582733c238632331aebbbff18cd76f113:analise_sonora.c  (completed in 0.006s)
git log --pretty=oneline -n1 94d9b9fb2939e645ed87380a2ea93fc39ed87798  (completed in 0.006s)
git show --pretty=oneline --decorate=full --numstat 94d9b9fb2939e645ed87380a2ea93fc39ed87798  (completed in 0.022s)
git show --numstat --pretty=oneline -M 94d9b9fb2939e645ed87380a2ea93fc39ed87798  (completed in 0.009s)
git show --name-status --pretty=oneline -M 94d9b9fb2939e645ed87380a2ea93fc39ed87798  (completed in 0.006s)
git remote get-url origin  (completed in 0.009s)
git log --pretty=oneline -n1 3acb51e3a940233d104f8f1805711d041d503cff  (completed in 0.006s)
git show --pretty=oneline --decorate=full --numstat 3acb51e3a940233d104f8f1805711d041d503cff  (completed in 0.009s)
git show --numstat --pretty=oneline -M 3acb51e3a940233d104f8f1805711d041d503cff  (completed in 0.007s)
git show --name-status --pretty=oneline -M 3acb51e3a940233d104f8f1805711d041d503cff  (completed in 0.006s)
git remote get-url origin  (completed in 0.007s)
git show 3acb51e3a940233d104f8f1805711d041d503cff:analise_sonora.c  (completed in 0.007s)
git log --pretty=oneline -n1 abb4412609e0950cb25481c9664def60740c07d4  (completed in 0.006s)
git show --pretty=oneline --decorate=full --numstat abb4412609e0950cb25481c9664def60740c07d4  (completed in 0.006s)
git show --numstat --pretty=oneline -M abb4412609e0950cb25481c9664def60740c07d4  (completed in 0.006s)
git show --name-status --pretty=oneline -M abb4412609e0950cb25481c9664def60740c07d4  (completed in 0.009s)
git remote get-url origin  (completed in 0.009s)
git show abb4412609e0950cb25481c9664def60740c07d4:analise_sonora.c  (completed in 0.011s)
git log --pretty=oneline -n1 9624464582733c238632331aebbbff18cd76f113  (completed in 0.006s)
git show --pretty=oneline --decorate=full --numstat 9624464582733c238632331aebbbff18cd76f113  (completed in 0.006s)
git show --numstat --pretty=oneline -M 9624464582733c238632331aebbbff18cd76f113  (completed in 0.009s)
git show --name-status --pretty=oneline -M 9624464582733c238632331aebbbff18cd76f113  (completed in 0.01s)
git remote get-url origin  (completed in 0.009s)
git log --pretty=oneline 9624464582733c238632331aebbbff18cd76f113^1 -n 1 -- analise_sonora.c  (completed in 0.017s)
git show 9624464582733c238632331aebbbff18cd76f113:analise_sonora.c  (completed in 0.011s)
git show 9eb240b153d87c60d5d25251be63ed647609b701:analise_sonora.c  (completed in 0.006s)
git log --pretty=oneline 9624464582733c238632331aebbbff18cd76f113^1 -n 1 -- analise_sonora.c  (completed in 0.014s)
git show 9624464582733c238632331aebbbff18cd76f113:analise_sonora.c  (completed in 0.009s)
git show 9eb240b153d87c60d5d25251be63ed647609b701:analise_sonora.c  (completed in 0.006s)
