[2018-06-27 14:58:25.445] [exthost1] [info] extension host started
[2018-06-27 14:58:25.482] [exthost1] [info] ExtensionService#_doActivateExtension vscode.emmet {"startup":true,"activationEvent":"*"}
[2018-06-27 14:58:25.482] [exthost1] [info] ExtensionService#loadCommonJSModule /usr/share/code/resources/app/extensions/emmet/out/extension
[2018-06-27 14:58:25.623] [exthost1] [info] ExtensionService#_doActivateExtension vscode.git {"startup":true,"activationEvent":"*"}
[2018-06-27 14:58:25.623] [exthost1] [info] ExtensionService#loadCommonJSModule /usr/share/code/resources/app/extensions/git/out/main
[2018-06-27 14:58:27.205] [exthost1] [info] ExtensionService#_doActivateExtension vscode.merge-conflict {"startup":true,"activationEvent":"*"}
[2018-06-27 14:58:27.206] [exthost1] [info] ExtensionService#loadCommonJSModule /usr/share/code/resources/app/extensions/merge-conflict/out/extension
[2018-06-27 14:58:27.252] [exthost1] [info] ExtensionService#_doActivateExtension vscode.search-rg {"startup":true,"activationEvent":"*"}
[2018-06-27 14:58:27.252] [exthost1] [info] ExtensionService#loadCommonJSModule /usr/share/code/resources/app/extensions/search-rg/out/extension
[2018-06-27 14:58:27.302] [exthost1] [info] ExtensionService#_doActivateExtension CoenraadS.bracket-pair-colorizer {"startup":true,"activationEvent":"*"}
[2018-06-27 14:58:27.302] [exthost1] [info] ExtensionService#loadCommonJSModule /home/matheus/.vscode/extensions/CoenraadS.bracket-pair-colorizer-1.0.58/out/src/extension
[2018-06-27 14:58:27.442] [exthost1] [info] ExtensionService#_doActivateExtension EditorConfig.EditorConfig {"startup":true,"activationEvent":"*"}
[2018-06-27 14:58:27.442] [exthost1] [info] ExtensionService#loadCommonJSModule /home/matheus/.vscode/extensions/EditorConfig.editorconfig-0.12.4/out/src/editorConfigMain
[2018-06-27 14:58:27.805] [exthost1] [info] ExtensionService#_doActivateExtension Equinusocio.vsc-material-theme {"startup":true,"activationEvent":"*"}
[2018-06-27 14:58:27.805] [exthost1] [info] ExtensionService#loadCommonJSModule /home/matheus/.vscode/extensions/Equinusocio.vsc-material-theme-2.1.0/extensions/material.theme.config.js
[2018-06-27 14:58:27.917] [exthost1] [info] ExtensionService#_doActivateExtension PKief.material-icon-theme {"startup":true,"activationEvent":"*"}
[2018-06-27 14:58:27.917] [exthost1] [info] ExtensionService#loadCommonJSModule /home/matheus/.vscode/extensions/PKief.material-icon-theme-3.5.0/out/src/extension
[2018-06-27 14:58:28.069] [exthost1] [info] ExtensionService#_doActivateExtension dbaeumer.vscode-eslint {"startup":true,"activationEvent":"*"}
[2018-06-27 14:58:28.069] [exthost1] [info] ExtensionService#loadCommonJSModule /home/matheus/.vscode/extensions/dbaeumer.vscode-eslint-1.4.12/client/out/extension
[2018-06-27 14:58:28.226] [exthost1] [info] ExtensionService#_doActivateExtension eamodio.gitlens {"startup":true,"activationEvent":"*"}
[2018-06-27 14:58:28.226] [exthost1] [info] ExtensionService#loadCommonJSModule /home/matheus/.vscode/extensions/eamodio.gitlens-8.4.1/out/extension
[2018-06-27 14:58:29.512] [exthost1] [info] ExtensionService#_doActivateExtension HookyQR.beautify {"startup":true,"activationEvent":"*"}
[2018-06-27 14:58:29.512] [exthost1] [info] ExtensionService#loadCommonJSModule /home/matheus/.vscode/extensions/hookyqr.beautify-1.3.2/extension
[2018-06-27 14:58:29.721] [exthost1] [info] ExtensionService#_doActivateExtension ms-vscode.cpptools {"startup":true,"activationEvent":"*"}
[2018-06-27 14:58:29.721] [exthost1] [info] ExtensionService#loadCommonJSModule /home/matheus/.vscode/extensions/ms-vscode.cpptools-0.17.5/out/src/main
[2018-06-27 14:58:30.791] [exthost1] [info] ExtensionService#_doActivateExtension remimarsal.prettier-now {"startup":true,"activationEvent":"*"}
[2018-06-27 14:58:30.791] [exthost1] [info] ExtensionService#loadCommonJSModule /home/matheus/.vscode/extensions/remimarsal.prettier-now-1.4.9/out/src/extension
[2018-06-27 14:58:30.972] [exthost1] [info] ExtensionService#_doActivateExtension austin.code-gnu-global {"startup":false,"activationEvent":"onLanguage:c"}
[2018-06-27 14:58:30.972] [exthost1] [info] ExtensionService#loadCommonJSModule /home/matheus/.vscode/extensions/austin.code-gnu-global-0.2.2/out/src/extension
[2018-06-27 14:58:32.514] [exthost1] [info] eager extensions activated
[2018-06-27 19:04:55.317] [exthost1] [info] ExtensionService#_doActivateExtension donjayamanne.githistory {"startup":false,"activationEvent":"onCommand:git.viewHistory"}
[2018-06-27 19:04:55.317] [exthost1] [info] ExtensionService#loadCommonJSModule /home/matheus/.vscode/extensions/donjayamanne.githistory-0.4.1/out/src/extension
[2018-06-27 19:18:18.844] [exthost1] [info] ExtensionService#_doActivateExtension vscode.configuration-editing {"startup":false,"activationEvent":"onLanguage:jsonc"}
[2018-06-27 19:18:18.844] [exthost1] [info] ExtensionService#loadCommonJSModule /usr/share/code/resources/app/extensions/configuration-editing/out/extension
[2018-06-27 19:18:19.001] [exthost1] [info] ExtensionService#_doActivateExtension vscode.json-language-features {"startup":false,"activationEvent":"onLanguage:jsonc"}
[2018-06-27 19:18:19.001] [exthost1] [info] ExtensionService#loadCommonJSModule /usr/share/code/resources/app/extensions/json-language-features/client/out/jsonMain
[2018-06-27 20:07:24.605] [exthost1] [info] ExtensionService#_doActivateExtension vscode.extension-editing {"startup":false,"activationEvent":"onLanguage:markdown"}
[2018-06-27 20:07:24.605] [exthost1] [info] ExtensionService#loadCommonJSModule /usr/share/code/resources/app/extensions/extension-editing/out/extension
[2018-06-27 20:07:24.721] [exthost1] [info] ExtensionService#_doActivateExtension vscode.markdown-language-features {"startup":false,"activationEvent":"onLanguage:markdown"}
[2018-06-27 20:07:24.721] [exthost1] [info] ExtensionService#loadCommonJSModule /usr/share/code/resources/app/extensions/markdown-language-features/out/extension
