[2018-06-27 14:58:20.099] [sharedprocess] [info] main {"machineId":"c37e4895fb105ed02f9c5460573e1003d9052a49269d3bd11f06f8d643b56860"}
[2018-06-27 14:58:23.039] [sharedprocess] [info] Scanned user extensions: 31
[2018-06-27 14:58:23.555] [sharedprocess] [info] Scanned user extensions: 31
[2018-06-27 14:58:23.556] [sharedprocess] [info] Scanned user extensions: 31
[2018-06-27 14:58:24.017] [sharedprocess] [info] Scanned system extensions: 70
[2018-06-27 14:58:24.952] [sharedprocess] [info] Scanned user extensions: 31
[2018-06-27 14:58:24.956] [sharedprocess] [info] Scanned system extensions: 70
[2018-06-27 14:58:25.070] [sharedprocess] [info] Deleted from disk ms-vscode.cpptools-0.17.4
[2018-06-27 14:58:27.109] [sharedprocess] [info] Scanned user extensions: 31
[2018-06-27 14:59:00.108] [sharedprocess] [info] Starting to clean up unused language packs.
[2018-06-27 15:03:27.201] [sharedprocess] [info] Scanned user extensions: 31
[2018-06-27 15:08:27.258] [sharedprocess] [info] Scanned user extensions: 31
[2018-06-27 15:26:30.253] [sharedprocess] [info] Scanned user extensions: 31
[2018-06-27 15:31:30.447] [sharedprocess] [info] Scanned user extensions: 31
[2018-06-27 15:36:30.501] [sharedprocess] [info] Scanned user extensions: 31
[2018-06-27 15:41:30.567] [sharedprocess] [info] Scanned user extensions: 31
[2018-06-27 15:46:30.612] [sharedprocess] [info] Scanned user extensions: 31
[2018-06-27 15:51:30.667] [sharedprocess] [info] Scanned user extensions: 31
[2018-06-27 15:56:30.713] [sharedprocess] [info] Scanned user extensions: 31
[2018-06-27 16:01:30.835] [sharedprocess] [info] Scanned user extensions: 31
[2018-06-27 16:06:30.884] [sharedprocess] [info] Scanned user extensions: 31
[2018-06-27 16:11:30.939] [sharedprocess] [info] Scanned user extensions: 31
[2018-06-27 16:16:30.991] [sharedprocess] [info] Scanned user extensions: 31
[2018-06-27 16:21:31.039] [sharedprocess] [info] Scanned user extensions: 31
[2018-06-27 16:26:31.087] [sharedprocess] [info] Scanned user extensions: 31
[2018-06-27 18:12:54.707] [sharedprocess] [info] Scanned user extensions: 31
[2018-06-27 18:17:54.762] [sharedprocess] [info] Scanned user extensions: 31
[2018-06-27 18:22:54.818] [sharedprocess] [info] Scanned user extensions: 31
[2018-06-27 18:27:55.378] [sharedprocess] [info] Scanned user extensions: 31
[2018-06-27 18:32:55.423] [sharedprocess] [info] Scanned user extensions: 31
[2018-06-27 18:37:55.478] [sharedprocess] [info] Scanned user extensions: 31
[2018-06-27 18:42:55.528] [sharedprocess] [info] Scanned user extensions: 31
[2018-06-27 18:47:55.588] [sharedprocess] [info] Scanned user extensions: 31
[2018-06-27 18:52:55.639] [sharedprocess] [info] Scanned user extensions: 31
[2018-06-27 18:57:55.681] [sharedprocess] [info] Scanned user extensions: 31
[2018-06-27 19:02:55.738] [sharedprocess] [info] Scanned user extensions: 31
[2018-06-27 19:07:55.789] [sharedprocess] [info] Scanned user extensions: 31
[2018-06-27 19:12:56.059] [sharedprocess] [info] Scanned user extensions: 31
[2018-06-27 19:17:56.108] [sharedprocess] [info] Scanned user extensions: 31
[2018-06-27 19:22:56.162] [sharedprocess] [info] Scanned user extensions: 31
[2018-06-27 19:27:56.219] [sharedprocess] [info] Scanned user extensions: 31
[2018-06-27 19:32:56.275] [sharedprocess] [info] Scanned user extensions: 31
[2018-06-27 19:37:56.327] [sharedprocess] [info] Scanned user extensions: 31
[2018-06-27 19:42:56.376] [sharedprocess] [info] Scanned user extensions: 31
[2018-06-27 19:47:56.429] [sharedprocess] [info] Scanned user extensions: 31
[2018-06-27 19:52:56.474] [sharedprocess] [info] Scanned user extensions: 31
[2018-06-27 19:57:56.523] [sharedprocess] [info] Scanned user extensions: 31
[2018-06-27 20:02:56.574] [sharedprocess] [info] Scanned user extensions: 31
[2018-06-27 20:07:56.641] [sharedprocess] [info] Scanned user extensions: 31
[2018-06-27 20:12:56.759] [sharedprocess] [info] Scanned user extensions: 31
[2018-06-27 20:17:56.806] [sharedprocess] [info] Scanned user extensions: 31
