Starting the classic analysis engine.
##########Linting Output - pylint##########
No config file found, using default configuration
************* Module app.main.controller.user_controller
2,0,error,E0401:Unable to import 'flask_restplus'

------------------------------------------------------------------
Your code has been rated at 7.22/10 (previous run: 7.22/10, +0.00)

##########Linting Output - pylint##########
No config file found, using default configuration
************* Module app.main.service.user_service
91,4,error,E1101:Instance of 'scoped_session' has no 'add' member
92,4,error,E1101:Instance of 'scoped_session' has no 'commit' member
104,4,warning,W0612:Unused variable 'e'

------------------------------------------------------------------
Your code has been rated at 7.61/10 (previous run: 7.44/10, +0.17)

##########Linting Output - pylint##########
No config file found, using default configuration
************* Module app.main.service.user_service
91,4,error,E1101:Instance of 'scoped_session' has no 'add' member
92,4,error,E1101:Instance of 'scoped_session' has no 'commit' member
105,4,warning,W0612:Unused variable 'e'

------------------------------------------------------------------
Your code has been rated at 7.61/10 (previous run: 7.61/10, +0.00)

##########Linting Output - pylint##########
No config file found, using default configuration
************* Module app.main.controller.auth_controller
2,0,error,E0401:Unable to import 'flask_restplus'

------------------------------------------------------------------
Your code has been rated at 6.43/10 (previous run: 6.43/10, +0.00)

##########Linting Output - pylint##########
No config file found, using default configuration

--------------------------------------------------------------------
Your code has been rated at 10.00/10 (previous run: 10.00/10, +0.00)

##########Linting Output - pylint##########
No config file found, using default configuration

--------------------------------------------------------------------
Your code has been rated at 10.00/10 (previous run: 10.00/10, +0.00)

##########Linting Output - pylint##########
No config file found, using default configuration

--------------------------------------------------------------------
Your code has been rated at 10.00/10 (previous run: 10.00/10, +0.00)

##########Linting Output - pylint##########
No config file found, using default configuration
************* Module app.test.test_config
5,0,error,E0401:Unable to import 'flask_testing'

------------------------------------------------------------------
Your code has been rated at 8.44/10 (previous run: 8.44/10, +0.00)

##########Linting Output - pylint##########
No config file found, using default configuration
