Initializing document watcher...
Rebuilding config map...
/home/matheus/.config/i3/config: Using EditorConfig core...
Detected change in configuration: {}
/home/matheus/.config/i3/config: {}
/home/matheus/.config/i3status/config: Using EditorConfig core...
/home/matheus/.config/i3status/config: {}
iris/web/nuxt.config.js: Using EditorConfig core...
iris/web/nuxt.config.js: {"insertSpaces":true,"tabSize":2}
web/nuxt.config.js: setEndOfLine(LF)
web/nuxt.config.js: editor.action.trimTrailingWhitespace
iris/web/package.json: Using EditorConfig core...
iris/web/package.json: {"insertSpaces":true,"tabSize":2}
iris/web/nuxt.config.js: Applying configuration map...
iris/web/nuxt.config.js: {"insertSpaces":true,"tabSize":2}
iris/web/package.json: Applying configuration map...
iris/web/package.json: {"insertSpaces":true,"tabSize":2}
iris/web/nuxt.config.js: Applying configuration map...
iris/web/nuxt.config.js: {"insertSpaces":true,"tabSize":2}
iris/web/package.json: Applying configuration map...
iris/web/package.json: {"insertSpaces":true,"tabSize":2}
web/package.json: setEndOfLine(LF)
web/package.json: editor.action.trimTrailingWhitespace
iris/web/nuxt.config.js: Applying configuration map...
iris/web/nuxt.config.js: {"insertSpaces":true,"tabSize":2}
iris/api/app/main/service/user_service.py: Using EditorConfig core...
iris/api/app/main/service/user_service.py: {}
iris/api/app/main/controller/user_controller.py: Using EditorConfig core...
iris/api/app/main/controller/user_controller.py: {}
iris/api/app/main/service/user_service.py: Applying configuration map...
iris/api/app/main/service/user_service.py: {}
iris/api/app/main/controller/user_controller.py: Applying configuration map...
iris/api/app/main/controller/user_controller.py: {}
iris/api/app/main/service/user_service.py: Applying configuration map...
iris/api/app/main/service/user_service.py: {}
iris/api/app/main/controller/user_controller.py: Applying configuration map...
iris/api/app/main/controller/user_controller.py: {}
iris/api/app/main/service/user_service.py: Applying configuration map...
iris/api/app/main/service/user_service.py: {}
iris/web/components/Login.vue: Using EditorConfig core...
iris/web/components/Login.vue: {"insertSpaces":true,"tabSize":2}
iris/web/nuxt.config.js: Applying configuration map...
iris/web/nuxt.config.js: {"insertSpaces":true,"tabSize":2}
iris/api/app/main/controller/auth_controller.py: Using EditorConfig core...
iris/api/app/main/controller/auth_controller.py: {}
iris/api/app/main/service/auth_helper.py: Using EditorConfig core...
iris/api/app/main/service/auth_helper.py: {}
iris/api/app/main/controller/auth_controller.py: Applying configuration map...
iris/api/app/main/controller/auth_controller.py: {}
iris/web/nuxt.config.js: Applying configuration map...
iris/web/nuxt.config.js: {"insertSpaces":true,"tabSize":2}
web/nuxt.config.js: setEndOfLine(LF)
web/nuxt.config.js: editor.action.trimTrailingWhitespace
web/nuxt.config.js: setEndOfLine(LF)
web/nuxt.config.js: editor.action.trimTrailingWhitespace
iris/api/app/test/test_auth.py: Using EditorConfig core...
iris/api/app/test/test_auth.py: {}
iris/api/app/main/service/user_service.py: Applying configuration map...
iris/api/app/main/service/user_service.py: {}
iris/web/nuxt.config.js: Applying configuration map...
iris/web/nuxt.config.js: {"insertSpaces":true,"tabSize":2}
iris/api/app/test/test_auth.py: Applying configuration map...
iris/api/app/test/test_auth.py: {}
iris/api/app/test/test_config.py: Using EditorConfig core...
iris/api/app/test/test_config.py: {}
iris/api/app/main/model/__init__.py: Using EditorConfig core...
iris/api/app/main/model/__init__.py: {}
iris/api/app/test/test_auth.py: Applying configuration map...
iris/api/app/test/test_auth.py: {}
