Initializing document watcher...
Rebuilding config map...
EP2-Numerico/fourier.c: Using EditorConfig core...
Detected change in configuration: {}
No more open editors.
EP2-Numerico/fourier.c: Applying configuration map...
EP2-Numerico/fourier.c: {}
EP2-Numerico/testes.c: Using EditorConfig core...
EP2-Numerico/testes.c: {}
EP2-Numerico/fourier.c: Applying configuration map...
EP2-Numerico/fourier.c: {}
EP2-Numerico/testes.c: Applying configuration map...
EP2-Numerico/testes.c: {}
EP2-Numerico/fourier.h: Using EditorConfig core...
EP2-Numerico/fourier.h: {}
EP2-Numerico/fourier.c: Applying configuration map...
EP2-Numerico/fourier.c: {}
EP2-Numerico/fourier.h: Applying configuration map...
EP2-Numerico/fourier.h: {}
EP2-Numerico/testes.c: Applying configuration map...
EP2-Numerico/testes.c: {}
EP2-Numerico/fourier.c: Applying configuration map...
EP2-Numerico/fourier.c: {}
EP2-Numerico/testes.c: Applying configuration map...
EP2-Numerico/testes.c: {}
EP2-Numerico/fourier.c: Applying configuration map...
EP2-Numerico/fourier.c: {}
EP2-Numerico/testes.c: Applying configuration map...
EP2-Numerico/testes.c: {}
EP2-Numerico/fourier.c: Applying configuration map...
EP2-Numerico/fourier.c: {}
EP2-Numerico/testes.c: Applying configuration map...
EP2-Numerico/testes.c: {}
EP2-Numerico/fourier.c: Applying configuration map...
EP2-Numerico/fourier.c: {}
EP2-Numerico/testes.c: Applying configuration map...
EP2-Numerico/testes.c: {}
EP2-Numerico/fourier.c: Applying configuration map...
EP2-Numerico/fourier.c: {}
EP2-Numerico/testes.c: Applying configuration map...
EP2-Numerico/testes.c: {}
EP2-Numerico/fourier.c: Applying configuration map...
EP2-Numerico/fourier.c: {}
EP2-Numerico/testes.c: Applying configuration map...
EP2-Numerico/testes.c: {}
EP2-Numerico/fourier.c: Applying configuration map...
EP2-Numerico/fourier.c: {}
EP2-Numerico/testes.c: Applying configuration map...
EP2-Numerico/testes.c: {}
EP2-Numerico/fourier.c: Applying configuration map...
EP2-Numerico/fourier.c: {}
EP2-Numerico/testes.c: Applying configuration map...
EP2-Numerico/testes.c: {}
EP2-Numerico/tratamento_dados_incompletos.h: Using EditorConfig core...
EP2-Numerico/tratamento_dados_incompletos.h: {}
EP2-Numerico/fourier.h: Applying configuration map...
EP2-Numerico/fourier.h: {}
EP2-Numerico/tratamento_dados_incompletos.h: Applying configuration map...
EP2-Numerico/tratamento_dados_incompletos.h: {}
EP2-Numerico/fourier.h: Applying configuration map...
EP2-Numerico/fourier.h: {}
EP2-Numerico/tratamento_dados_incompletos.h: Applying configuration map...
EP2-Numerico/tratamento_dados_incompletos.h: {}
EP2-Numerico/tratamento_dados_incompletos.c: Using EditorConfig core...
EP2-Numerico/tratamento_dados_incompletos.c: {}
EP2-Numerico/Makefile: Using EditorConfig core...
EP2-Numerico/Makefile: {}
EP2-Numerico/analise_sonora.c: Using EditorConfig core...
EP2-Numerico/analise_sonora.c: {}
EP2-Numerico/Makefile: Applying configuration map...
EP2-Numerico/Makefile: {}
EP2-Numerico/analise_sonora.c: Applying configuration map...
EP2-Numerico/analise_sonora.c: {}
EP2-Numerico/testes.c: Applying configuration map...
EP2-Numerico/testes.c: {}
EP2-Numerico/analise_sonora.c: Applying configuration map...
EP2-Numerico/analise_sonora.c: {}
EP2-Numerico/testes.c: Applying configuration map...
EP2-Numerico/testes.c: {}
EP2-Numerico/analise_sonora.c: Applying configuration map...
EP2-Numerico/analise_sonora.c: {}
EP2-Numerico/fourier.h: Applying configuration map...
EP2-Numerico/fourier.h: {}
EP2-Numerico/testes.c: Applying configuration map...
EP2-Numerico/testes.c: {}
EP2-Numerico/analise_sonora.c: Applying configuration map...
EP2-Numerico/analise_sonora.c: {}
EP2-Numerico/.gitignore: Using EditorConfig core...
EP2-Numerico/.gitignore: {}
