[2018-06-21 17:13:25.671] [renderer3] [info] no standard startup: not just one window
[2018-06-21 17:13:27.863] [renderer3] [error] Unable to write to User Settings because materialTheme.cache.workbench is not a registered configuration.: Error: Unable to write to User Settings because materialTheme.cache.workbench is not a registered configuration.
    at new t (file:///usr/share/code/resources/app/out/vs/workbench/workbench.main.js:4104:450)
    at e.wrapError (file:///usr/share/code/resources/app/out/vs/workbench/workbench.main.js:4108:460)
    at e.resolveAndValidate (file:///usr/share/code/resources/app/out/vs/workbench/workbench.main.js:4111:255)
    at e.doWriteConfiguration (file:///usr/share/code/resources/app/out/vs/workbench/workbench.main.js:4105:277)
    at Object.factory (file:///usr/share/code/resources/app/out/vs/workbench/workbench.main.js:4105:10)
    at t.e.consume (file:///usr/share/code/resources/app/out/vs/workbench/workbench.main.js:194:347)
    at e.queue (file:///usr/share/code/resources/app/out/vs/workbench/workbench.main.js:194:134)
    at new n.Class.derive._oncancel (file:///usr/share/code/resources/app/out/vs/workbench/workbench.main.js:156:625)
    at t.e.queue (file:///usr/share/code/resources/app/out/vs/workbench/workbench.main.js:194:49)
    at e.writeConfiguration (file:///usr/share/code/resources/app/out/vs/workbench/workbench.main.js:4104:992)
    at t.writeConfigurationValue (file:///usr/share/code/resources/app/out/vs/workbench/workbench.main.js:4130:55)
    at t.updateValue (file:///usr/share/code/resources/app/out/vs/workbench/workbench.main.js:4119:580)
    at e.writeConfiguration (file:///usr/share/code/resources/app/out/vs/workbench/workbench.main.js:2882:191)
    at e.$removeConfigurationOption (file:///usr/share/code/resources/app/out/vs/workbench/workbench.main.js:2882:14)
    at e._doInvokeHandler (file:///usr/share/code/resources/app/out/vs/workbench/workbench.main.js:2937:1012)
    at e._invokeHandler (file:///usr/share/code/resources/app/out/vs/workbench/workbench.main.js:2937:730)
    at e._receiveRequest (file:///usr/share/code/resources/app/out/vs/workbench/workbench.main.js:2936:819)
    at e._receiveOneMessage (file:///usr/share/code/resources/app/out/vs/workbench/workbench.main.js:2936:588)
    at file:///usr/share/code/resources/app/out/vs/workbench/workbench.main.js:2935:518
    at file:///usr/share/code/resources/app/out/vs/workbench/workbench.main.js:2938:575
    at e.fire (file:///usr/share/code/resources/app/out/vs/workbench/workbench.main.js:169:992)
    at Socket.<anonymous> (file:///usr/share/code/resources/app/out/vs/workbench/workbench.main.js:301:187)
    at emitOne (events.js:96:13)
    at Socket.emit (events.js:191:7)
    at readableAddChunk (_stream_readable.js:178:18)
    at Socket.Readable.push (_stream_readable.js:136:10)
    at Pipe.onread (net.js:560:20)
