Initializing document watcher...
Rebuilding config map...
EP2-Numerico/.gitignore: Using EditorConfig core...
Detected change in configuration: {}
EP2-Numerico/.gitignore: {}
/home/matheus/.config/i3/config: Using EditorConfig core...
/home/matheus/.config/i3/config: {}
EP2-Numerico/.gitignore: Applying configuration map...
EP2-Numerico/.gitignore: {}
EP2-Numerico/analise_sonora.c: Using EditorConfig core...
EP2-Numerico/analise_sonora.c: {}
/home/matheus/Documents/Numerico/EP1/EP-Numerico/main.c: Using EditorConfig core...
/home/matheus/Documents/Numerico/EP1/EP-Numerico/main.c: {}
/home/matheus/Documents/Numerico/EP1/EP-Numerico/main.c: Applying configuration map...
/home/matheus/Documents/Numerico/EP1/EP-Numerico/main.c: {}
EP2-Numerico/analise_sonora.c: Applying configuration map...
EP2-Numerico/analise_sonora.c: {}
EP2-Numerico/testes.c: Using EditorConfig core...
EP2-Numerico/testes.c: {}
EP2-Numerico/fourier.c: Using EditorConfig core...
EP2-Numerico/fourier.c: {}
EP2-Numerico/analise_sonora.c: Applying configuration map...
EP2-Numerico/analise_sonora.c: {}
EP2-Numerico/fourier.c: Applying configuration map...
EP2-Numerico/fourier.c: {}
EP2-Numerico/analise_sonora.c: Applying configuration map...
EP2-Numerico/analise_sonora.c: {}
