[2018-06-19 08:10:30.850] [renderer1] [info] standard startup {"version":"1.24.1","ellapsed":10828,"timers":{"ellapsedExtensions":1789,"ellapsedExtensionsReady":11146,"ellapsedRequire":1948,"ellapsedEditorRestore":1366,"ellapsedViewletRestore":20,"ellapsedWorkbench":1477,"ellapsedWindowLoadToRequire":2286,"ellapsedTimersToTimersComputed":2,"ellapsedNlsGeneration":0,"ellapsedAppReady":861,"ellapsedWindowLoad":2031},"platform":"linux","release":"4.10.0-38-generic","arch":"x64","totalmem":6129278976,"freemem":4779233280,"meminfo":{"workingSetSize":267184,"peakWorkingSetSize":268224,"privateBytes":197832,"sharedBytes":69368},"cpus":{"count":4,"speed":2300,"model":"Intel(R) Core(TM) i5-4200U CPU @ 1.60GHz"},"loadavg":[1.833984375,0.87255859375,0.33642578125],"initialStartup":true,"isVMLikelyhood":0,"hasAccessibilitySupport":false,"emptyWorkbench":false,"common.machineId":"c37e4895fb105ed02f9c5460573e1003d9052a49269d3bd11f06f8d643b56860","sessionID":"7e117b8b-3f6f-457a-8b30-59c7c9084b991529406626370","commitHash":"24f62626b222e9a8313213fb64b10d741a326288","common.platformVersion":"4.10.0","common.platform":"Linux","common.nodePlatform":"linux","common.nodeArch":"x64","timestamp":"2018-06-19T11:10:30.850Z","common.timesincesessionstart":4479,"common.sequence":10,"common.version.shell":"1.7.12","common.version.renderer":"58.0.3029.110","common.firstSessionDate":"Wed, 17 Jan 2018 23:18:13 GMT","common.lastSessionDate":"Mon, 18 Jun 2018 17:34:51 GMT","common.isNewSession":"0","common.instanceId":"a0aa52f2-8cb7-493a-8352-7d7636adb372"}
[2018-06-19 08:10:34.662] [renderer1] [error] Unable to write to User Settings because materialTheme.cache.workbench is not a registered configuration.: Error: Unable to write to User Settings because materialTheme.cache.workbench is not a registered configuration.
    at new t (file:///usr/share/code/resources/app/out/vs/workbench/workbench.main.js:4104:450)
    at e.wrapError (file:///usr/share/code/resources/app/out/vs/workbench/workbench.main.js:4108:460)
    at e.resolveAndValidate (file:///usr/share/code/resources/app/out/vs/workbench/workbench.main.js:4111:255)
    at e.doWriteConfiguration (file:///usr/share/code/resources/app/out/vs/workbench/workbench.main.js:4105:277)
    at Object.factory (file:///usr/share/code/resources/app/out/vs/workbench/workbench.main.js:4105:10)
    at t.e.consume (file:///usr/share/code/resources/app/out/vs/workbench/workbench.main.js:194:347)
    at e.queue (file:///usr/share/code/resources/app/out/vs/workbench/workbench.main.js:194:134)
    at new n.Class.derive._oncancel (file:///usr/share/code/resources/app/out/vs/workbench/workbench.main.js:156:625)
    at t.e.queue (file:///usr/share/code/resources/app/out/vs/workbench/workbench.main.js:194:49)
    at e.writeConfiguration (file:///usr/share/code/resources/app/out/vs/workbench/workbench.main.js:4104:992)
    at t.writeConfigurationValue (file:///usr/share/code/resources/app/out/vs/workbench/workbench.main.js:4130:55)
    at t.updateValue (file:///usr/share/code/resources/app/out/vs/workbench/workbench.main.js:4119:580)
    at e.writeConfiguration (file:///usr/share/code/resources/app/out/vs/workbench/workbench.main.js:2882:191)
    at e.$removeConfigurationOption (file:///usr/share/code/resources/app/out/vs/workbench/workbench.main.js:2882:14)
    at e._doInvokeHandler (file:///usr/share/code/resources/app/out/vs/workbench/workbench.main.js:2937:1012)
    at e._invokeHandler (file:///usr/share/code/resources/app/out/vs/workbench/workbench.main.js:2937:730)
    at e._receiveRequest (file:///usr/share/code/resources/app/out/vs/workbench/workbench.main.js:2936:819)
    at e._receiveOneMessage (file:///usr/share/code/resources/app/out/vs/workbench/workbench.main.js:2936:588)
    at file:///usr/share/code/resources/app/out/vs/workbench/workbench.main.js:2935:518
    at file:///usr/share/code/resources/app/out/vs/workbench/workbench.main.js:2938:575
    at e.fire (file:///usr/share/code/resources/app/out/vs/workbench/workbench.main.js:169:992)
    at Socket.<anonymous> (file:///usr/share/code/resources/app/out/vs/workbench/workbench.main.js:301:187)
    at emitOne (events.js:96:13)
    at Socket.emit (events.js:191:7)
    at readableAddChunk (_stream_readable.js:178:18)
    at Socket.Readable.push (_stream_readable.js:136:10)
    at Pipe.onread (net.js:560:20)
